{
  "RSpec": {
    "coverage": {
      "/Users/rostammahabadi/Mod2/adopt_dont_shop_2003/config/environment.rb": [
        null,
        1,
        null,
        null,
        1
      ],
      "/Users/rostammahabadi/Mod2/adopt_dont_shop_2003/config/application.rb": [
        1,
        null,
        1,
        null,
        1,
        1,
        1,
        1,
        1,
        1,
        1,
        1,
        null,
        null,
        null,
        null,
        1,
        null,
        1,
        1,
        null,
        1,
        null,
        null,
        null,
        null,
        null,
        null,
        1,
        null,
        null
      ],
      "/Users/rostammahabadi/Mod2/adopt_dont_shop_2003/config/boot.rb": [
        1,
        null,
        1
      ],
      "/Users/rostammahabadi/Mod2/adopt_dont_shop_2003/config/environments/test.rb": [
        1,
        null,
        null,
        null,
        null,
        null,
        null,
        1,
        null,
        null,
        null,
        null,
        1,
        null,
        null,
        1,
        1,
        null,
        null,
        null,
        null,
        1,
        1,
        null,
        null,
        1,
        null,
        null,
        1,
        1,
        null,
        null,
        null,
        null,
        1,
        null,
        null,
        1,
        null,
        null,
        null,
        null
      ],
      "/Users/rostammahabadi/Mod2/adopt_dont_shop_2003/config/initializers/application_controller_renderer.rb": [
        null,
        null,
        null,
        null,
        null,
        null,
        null,
        null
      ],
      "/Users/rostammahabadi/Mod2/adopt_dont_shop_2003/config/initializers/assets.rb": [
        null,
        null,
        null,
        1,
        null,
        null,
        null,
        null,
        1,
        null,
        null,
        null,
        null,
        null
      ],
      "/Users/rostammahabadi/Mod2/adopt_dont_shop_2003/config/initializers/backtrace_silencers.rb": [
        null,
        null,
        null,
        null,
        null,
        null,
        null
      ],
      "/Users/rostammahabadi/Mod2/adopt_dont_shop_2003/config/initializers/cookies_serializer.rb": [
        null,
        null,
        null,
        null,
        1
      ],
      "/Users/rostammahabadi/Mod2/adopt_dont_shop_2003/config/initializers/filter_parameter_logging.rb": [
        null,
        null,
        null,
        1
      ],
      "/Users/rostammahabadi/Mod2/adopt_dont_shop_2003/config/initializers/inflections.rb": [
        null,
        null,
        null,
        null,
        null,
        null,
        null,
        null,
        null,
        null,
        null,
        null,
        null,
        null,
        null,
        null
      ],
      "/Users/rostammahabadi/Mod2/adopt_dont_shop_2003/config/initializers/mime_types.rb": [
        null,
        null,
        null,
        null
      ],
      "/Users/rostammahabadi/Mod2/adopt_dont_shop_2003/config/initializers/wrap_parameters.rb": [
        null,
        null,
        null,
        null,
        null,
        null,
        1,
        2,
        null,
        null,
        null,
        null,
        null,
        null
      ],
      "/Users/rostammahabadi/Mod2/adopt_dont_shop_2003/config/routes.rb": [
        1,
        null,
        1,
        1,
        1,
        1,
        1,
        1,
        1,
        null,
        1,
        1,
        null,
        null,
        null,
        null
      ],
      "/Users/rostammahabadi/Mod2/adopt_dont_shop_2003/app/helpers/application_helper.rb": [
        1,
        null
      ],
      "/Users/rostammahabadi/Mod2/adopt_dont_shop_2003/spec/features/shelters/user_can_click_button_to_submit_form_spec.rb": [
        1,
        null,
        1,
        1,
        null,
        1,
        null,
        1,
        1,
        1,
        1,
        1,
        null,
        1,
        null,
        1,
        null,
        1,
        null,
        1,
        null,
        null
      ],
      "/Users/rostammahabadi/Mod2/adopt_dont_shop_2003/spec/features/shelters/user_can_see_all_shelter_names_spec.rb": [
        1,
        null,
        1,
        1,
        1,
        null,
        null,
        null,
        null,
        null,
        null,
        1,
        null,
        null,
        null,
        null,
        null,
        null,
        null,
        1,
        null,
        1,
        1,
        null,
        null
      ],
      "/Users/rostammahabadi/Mod2/adopt_dont_shop_2003/spec/features/shelters/user_can_see_create_shelter_on_index_spec.rb": [
        1,
        null,
        1,
        1,
        null,
        1,
        null,
        1,
        1,
        1,
        1,
        1,
        null,
        null
      ],
      "/Users/rostammahabadi/Mod2/adopt_dont_shop_2003/spec/features/shelters/user_can_see_delete_button_spec.rb": [
        1,
        null,
        1,
        1,
        1,
        null,
        null,
        null,
        null,
        null,
        null,
        1,
        null,
        null,
        null,
        null,
        null,
        null,
        null,
        1,
        null,
        1,
        null,
        1,
        null,
        1,
        null,
        1,
        null,
        null
      ],
      "/Users/rostammahabadi/Mod2/adopt_dont_shop_2003/spec/features/shelters/user_can_show_specific_shelter_attributes_spec.rb": [
        1,
        null,
        1,
        1,
        1,
        null,
        null,
        null,
        null,
        null,
        null,
        null,
        1,
        null,
        1,
        1,
        1,
        1,
        1,
        null,
        null
      ],
      "/Users/rostammahabadi/Mod2/adopt_dont_shop_2003/spec/features/shelters/user_can_update_information_on_form_spec.rb": [
        1,
        null,
        1,
        1,
        1,
        null,
        null,
        null,
        null,
        null,
        null,
        null,
        1,
        null,
        1,
        1,
        1,
        1,
        1,
        null,
        1,
        1,
        1,
        1,
        1,
        null,
        1,
        1,
        1,
        1,
        1,
        null,
        1,
        null,
        1,
        null,
        1,
        1,
        1,
        1,
        1,
        null,
        null,
        null
      ],
      "/Users/rostammahabadi/Mod2/adopt_dont_shop_2003/spec/models/pets_spec.rb": [
        1,
        null,
        1,
        1,
        2,
        null,
        null,
        null
      ],
      "/Users/rostammahabadi/Mod2/adopt_dont_shop_2003/app/models/pet.rb": [
        1,
        1,
        1,
        null
      ],
      "/Users/rostammahabadi/Mod2/adopt_dont_shop_2003/app/models/application_record.rb": [
        1,
        1,
        null
      ],
      "/Users/rostammahabadi/Mod2/adopt_dont_shop_2003/spec/models/shelter_spec.rb": [
        1,
        null,
        1,
        1,
        2,
        null,
        null,
        1,
        2,
        null,
        null,
        null
      ],
      "/Users/rostammahabadi/Mod2/adopt_dont_shop_2003/app/models/shelter.rb": [
        1,
        1,
        1,
        null
      ],
      "/Users/rostammahabadi/Mod2/adopt_dont_shop_2003/app/controllers/pets_controller.rb": [
        1,
        1,
        1,
        null,
        null,
        1,
        0,
        null,
        null,
        1,
        0,
        null,
        null,
        1,
        0,
        0,
        null,
        null,
        1,
        null,
        1,
        0,
        null,
        null,
        null
      ],
      "/Users/rostammahabadi/Mod2/adopt_dont_shop_2003/app/controllers/application_controller.rb": [
        1,
        1,
        null
      ],
      "/Users/rostammahabadi/Mod2/adopt_dont_shop_2003/app/controllers/shelters_controller.rb": [
        1,
        1,
        5,
        null,
        null,
        1,
        3,
        null,
        null,
        1,
        1,
        null,
        null,
        null,
        null,
        null,
        null,
        1,
        1,
        null,
        null,
        1,
        2,
        null,
        null,
        1,
        1,
        1,
        null,
        null,
        null,
        null,
        null,
        null,
        1,
        1,
        null,
        null,
        1,
        1,
        1,
        null,
        null,
        null,
        null,
        null,
        null,
        null,
        null,
        null,
        null,
        null
      ]
    },
    "timestamp": 1588867252
  }
}
